2022-08-21 15:07:14,406 INFO com.usefulNVersatileWeb.usefulWeb.UsefulWebApplication [restartedMain] Starting UsefulWebApplication using Java 11.0.9.1 on jeonghoon-MacPro.local with PID 2098 (/Users/macpro/Desktop/git/usefulWeb/out/production/classes started by macpro in /Users/macpro/Desktop/git/usefulWeb)
2022-08-21 15:07:14,413 INFO com.usefulNVersatileWeb.usefulWeb.UsefulWebApplication [restartedMain] No active profile set, falling back to 1 default profile: "default"
2022-08-21 15:07:16,626 INFO org.apache.catalina.core.StandardService [restartedMain] Starting service [Tomcat]
2022-08-21 15:07:16,626 INFO org.apache.catalina.core.StandardEngine [restartedMain] Starting Servlet engine: [Apache Tomcat/9.0.64]
2022-08-21 15:07:16,690 INFO org.apache.catalina.core.ContainerBase.[Tomcat].[localhost].[/] [restartedMain] Initializing Spring embedded WebApplicationContext
2022-08-21 15:07:17,463 INFO com.usefulNVersatileWeb.usefulWeb.UsefulWebApplication [restartedMain] Started UsefulWebApplication in 3.85 seconds (JVM running for 5.368)
2022-08-21 15:07:23,411 INFO org.apache.catalina.core.ContainerBase.[Tomcat].[localhost].[/] [http-nio-7777-exec-1] Initializing Spring DispatcherServlet 'dispatcherServlet'
2022-08-21 15:16:35,285 INFO com.zaxxer.hikari.HikariDataSource [http-nio-7777-exec-10] HikariPool-1 - Starting...
2022-08-21 15:16:35,649 INFO com.zaxxer.hikari.HikariDataSource [http-nio-7777-exec-10] HikariPool-1 - Start completed.
2022-08-21 15:49:33,246 WARN com.zaxxer.hikari.pool.HikariPool [HikariPool-1 housekeeper] HikariPool-1 - Thread starvation or clock leap detected (housekeeper delta=20m57s483ms).
2022-08-21 15:59:28,872 WARN com.zaxxer.hikari.pool.HikariPool [HikariPool-1 housekeeper] HikariPool-1 - Thread starvation or clock leap detected (housekeeper delta=4m55s619ms).
2022-08-21 16:21:24,059 WARN com.zaxxer.hikari.pool.HikariPool [HikariPool-1 housekeeper] HikariPool-1 - Thread starvation or clock leap detected (housekeeper delta=3m55s59ms).
2022-08-21 16:51:17,859 INFO com.zaxxer.hikari.HikariDataSource [SpringApplicationShutdownHook] HikariPool-1 - Shutdown initiated...
2022-08-21 16:51:17,864 INFO com.zaxxer.hikari.HikariDataSource [SpringApplicationShutdownHook] HikariPool-1 - Shutdown completed.
2022-08-21 16:51:22,323 INFO com.usefulNVersatileWeb.usefulWeb.UsefulWebApplication [restartedMain] Starting UsefulWebApplication using Java 11.0.9.1 on jeonghoon-MacPro.local with PID 2511 (/Users/macpro/Desktop/git/usefulWeb/out/production/classes started by macpro in /Users/macpro/Desktop/git/usefulWeb)
2022-08-21 16:51:22,324 INFO com.usefulNVersatileWeb.usefulWeb.UsefulWebApplication [restartedMain] No active profile set, falling back to 1 default profile: "default"
2022-08-21 16:51:23,712 INFO org.apache.catalina.core.StandardService [restartedMain] Starting service [Tomcat]
2022-08-21 16:51:23,712 INFO org.apache.catalina.core.StandardEngine [restartedMain] Starting Servlet engine: [Apache Tomcat/9.0.64]
2022-08-21 16:51:23,787 INFO org.apache.catalina.core.ContainerBase.[Tomcat].[localhost].[/] [restartedMain] Initializing Spring embedded WebApplicationContext
2022-08-21 16:51:24,446 INFO com.usefulNVersatileWeb.usefulWeb.UsefulWebApplication [restartedMain] Started UsefulWebApplication in 2.509 seconds (JVM running for 3.522)
2022-08-21 16:51:27,386 INFO org.apache.catalina.core.ContainerBase.[Tomcat].[localhost].[/] [http-nio-7777-exec-1] Initializing Spring DispatcherServlet 'dispatcherServlet'
2022-08-21 16:51:29,072 INFO com.zaxxer.hikari.HikariDataSource [http-nio-7777-exec-1] HikariPool-1 - Starting...
2022-08-21 16:51:29,393 INFO com.zaxxer.hikari.HikariDataSource [http-nio-7777-exec-1] HikariPool-1 - Start completed.
2022-08-21 16:52:24,371 INFO com.zaxxer.hikari.HikariDataSource [SpringApplicationShutdownHook] HikariPool-1 - Shutdown initiated...
2022-08-21 16:52:24,389 INFO com.zaxxer.hikari.HikariDataSource [SpringApplicationShutdownHook] HikariPool-1 - Shutdown completed.
2022-08-21 16:52:28,762 INFO com.usefulNVersatileWeb.usefulWeb.UsefulWebApplication [restartedMain] Starting UsefulWebApplication using Java 11.0.9.1 on jeonghoon-MacPro.local with PID 2526 (/Users/macpro/Desktop/git/usefulWeb/out/production/classes started by macpro in /Users/macpro/Desktop/git/usefulWeb)
2022-08-21 16:52:28,763 INFO com.usefulNVersatileWeb.usefulWeb.UsefulWebApplication [restartedMain] No active profile set, falling back to 1 default profile: "default"
2022-08-21 16:52:29,981 INFO org.apache.catalina.core.StandardService [restartedMain] Starting service [Tomcat]
2022-08-21 16:52:29,982 INFO org.apache.catalina.core.StandardEngine [restartedMain] Starting Servlet engine: [Apache Tomcat/9.0.64]
2022-08-21 16:52:30,081 INFO org.apache.catalina.core.ContainerBase.[Tomcat].[localhost].[/] [restartedMain] Initializing Spring embedded WebApplicationContext
2022-08-21 16:52:30,688 INFO com.usefulNVersatileWeb.usefulWeb.UsefulWebApplication [restartedMain] Started UsefulWebApplication in 2.449 seconds (JVM running for 3.469)
2022-08-21 16:52:33,414 INFO org.apache.catalina.core.ContainerBase.[Tomcat].[localhost].[/] [http-nio-7777-exec-1] Initializing Spring DispatcherServlet 'dispatcherServlet'
2022-08-21 16:55:18,452 INFO com.zaxxer.hikari.HikariDataSource [http-nio-7777-exec-4] HikariPool-1 - Starting...
2022-08-21 16:55:18,762 INFO com.zaxxer.hikari.HikariDataSource [http-nio-7777-exec-4] HikariPool-1 - Start completed.
2022-08-21 17:07:07,426 WARN com.zaxxer.hikari.pool.HikariPool [HikariPool-1 housekeeper] HikariPool-1 - Thread starvation or clock leap detected (housekeeper delta=2m48s355ms).
2022-08-21 17:14:44,732 INFO com.zaxxer.hikari.HikariDataSource [Thread-5] HikariPool-1 - Shutdown initiated...
2022-08-21 17:14:44,745 INFO com.zaxxer.hikari.HikariDataSource [Thread-5] HikariPool-1 - Shutdown completed.
2022-08-21 17:14:45,011 INFO com.usefulNVersatileWeb.usefulWeb.UsefulWebApplication [restartedMain] Starting UsefulWebApplication using Java 11.0.9.1 on jeonghoon-MacPro.local with PID 2526 (/Users/macpro/Desktop/git/usefulWeb/out/production/classes started by macpro in /Users/macpro/Desktop/git/usefulWeb)
2022-08-21 17:14:45,011 INFO com.usefulNVersatileWeb.usefulWeb.UsefulWebApplication [restartedMain] No active profile set, falling back to 1 default profile: "default"
2022-08-21 17:14:45,303 INFO org.apache.catalina.core.StandardService [restartedMain] Starting service [Tomcat]
2022-08-21 17:14:45,303 INFO org.apache.catalina.core.StandardEngine [restartedMain] Starting Servlet engine: [Apache Tomcat/9.0.64]
2022-08-21 17:14:45,317 INFO org.apache.catalina.core.ContainerBase.[Tomcat].[localhost].[/] [restartedMain] Initializing Spring embedded WebApplicationContext
2022-08-21 17:14:45,513 INFO com.usefulNVersatileWeb.usefulWeb.UsefulWebApplication [restartedMain] Started UsefulWebApplication in 0.708 seconds (JVM running for 1199.803)
2022-08-21 17:14:58,458 INFO org.apache.catalina.core.ContainerBase.[Tomcat].[localhost].[/] [http-nio-7777-exec-1] Initializing Spring DispatcherServlet 'dispatcherServlet'
2022-08-21 17:16:18,525 INFO com.usefulNVersatileWeb.usefulWeb.UsefulWebApplication [restartedMain] Starting UsefulWebApplication using Java 11.0.9.1 on jeonghoon-MacPro.local with PID 2526 (/Users/macpro/Desktop/git/usefulWeb/out/production/classes started by macpro in /Users/macpro/Desktop/git/usefulWeb)
2022-08-21 17:16:18,525 INFO com.usefulNVersatileWeb.usefulWeb.UsefulWebApplication [restartedMain] No active profile set, falling back to 1 default profile: "default"
2022-08-21 17:16:18,750 INFO org.apache.catalina.core.StandardService [restartedMain] Starting service [Tomcat]
2022-08-21 17:16:18,750 INFO org.apache.catalina.core.StandardEngine [restartedMain] Starting Servlet engine: [Apache Tomcat/9.0.64]
2022-08-21 17:16:18,761 INFO org.apache.catalina.core.ContainerBase.[Tomcat].[localhost].[/] [restartedMain] Initializing Spring embedded WebApplicationContext
2022-08-21 17:16:18,924 INFO com.usefulNVersatileWeb.usefulWeb.UsefulWebApplication [restartedMain] Started UsefulWebApplication in 0.423 seconds (JVM running for 1293.212)
2022-08-21 17:16:19,044 INFO org.apache.catalina.core.ContainerBase.[Tomcat].[localhost].[/] [http-nio-7777-exec-1] Initializing Spring DispatcherServlet 'dispatcherServlet'
2022-08-21 17:24:58,103 INFO com.zaxxer.hikari.HikariDataSource [http-nio-7777-exec-2] HikariPool-2 - Starting...
2022-08-21 17:24:58,126 INFO com.zaxxer.hikari.HikariDataSource [http-nio-7777-exec-2] HikariPool-2 - Start completed.
2022-08-21 17:38:27,225 WARN com.zaxxer.hikari.pool.HikariPool [HikariPool-2 housekeeper] HikariPool-2 - Thread starvation or clock leap detected (housekeeper delta=2m28s935ms).
